02:47:25: Creating resource group General
02:47:25: Creating resource group OgreInternal
02:47:25: Creating resource group OgreAutodetect
02:47:25: SceneManagerFactory for type 'DefaultSceneManager' registered.
02:47:25: Registering ResourceManager for type Material
02:47:25: Registering ResourceManager for type Mesh
02:47:25: Registering ResourceManager for type Skeleton
02:47:25: MovableObjectFactory for type 'ParticleSystem' registered.
02:47:25: ArchiveFactory for type 'FileSystem' registered
02:47:25: ArchiveFactory for type 'Zip' registered
02:47:25: ArchiveFactory for type 'EmbeddedZip' registered
02:47:25: DDS codec registering
02:47:25: ETC codec registering
02:47:25: ASTC codec registering
02:47:25: Registering ResourceManager for type GpuProgram
02:47:25: Registering ResourceManager for type Compositor
02:47:25: MovableObjectFactory for type 'Entity' registered.
02:47:25: MovableObjectFactory for type 'Light' registered.
02:47:25: MovableObjectFactory for type 'BillboardSet' registered.
02:47:25: MovableObjectFactory for type 'ManualObject' registered.
02:47:25: MovableObjectFactory for type 'BillboardChain' registered.
02:47:25: MovableObjectFactory for type 'RibbonTrail' registered.
02:47:25: MovableObjectFactory for type 'StaticGeometry' registered.
02:47:25: MovableObjectFactory for type 'Rectangle2D' registered.
02:47:25: Error: Cannot open file: plugins.cfg - skipping automatic plugin loading
02:47:25: *-*-* OGRE Initialising
02:47:25: *-*-* Version 13.6.4 (Tsathoggua)
