17:26:00: XMLMeshSerializer reading mesh data from /home/caesium/projects/rbxnu/Content/fonts/Cube.mesh.xml...
17:26:00: Reading geometry...
17:26:00: Geometry done...
17:26:00: Reading submeshes...
17:26:00: Submeshes done.
17:26:00: Reading mesh names...
17:26:00: Mesh names done.
17:26:00: XMLMeshSerializer import successful.
17:26:00: MeshSerializer writing mesh data to stream /home/caesium/projects/rbxnu/Content/fonts/Cube.mesh...
17:26:00: File header written.
17:26:00: Writing mesh data...
17:26:00: Writing submesh...
17:26:00: Exporting submesh texture aliases...
17:26:00: Submesh texture aliases exported.
17:26:00: Submesh exported.
17:26:00: Exporting bounds information....
17:26:00: Bounds information exported.
17:26:00: Exporting submesh name table...
17:26:00: Submesh name table exported.
17:26:00: Mesh data exported.
17:26:00: MeshSerializer export successful.
