17:36:32: XMLMeshSerializer reading mesh data from /home/caesium/projects/rbxnu/Content/RNR/fonts/Cube.mesh.xml...
17:36:32: Reading geometry...
17:36:32: Geometry done...
17:36:32: Reading submeshes...
17:36:32: Submeshes done.
17:36:32: Reading mesh names...
17:36:32: Mesh names done.
17:36:32: XMLMeshSerializer import successful.
17:36:32: MeshSerializer writing mesh data to stream /home/caesium/projects/rbxnu/Content/RNR/fonts/Cube.mesh...
17:36:32: File header written.
17:36:32: Writing mesh data...
17:36:32: Writing submesh...
17:36:32: Exporting submesh texture aliases...
17:36:32: Submesh texture aliases exported.
17:36:32: Submesh exported.
17:36:32: Exporting bounds information....
17:36:32: Bounds information exported.
17:36:32: Exporting submesh name table...
17:36:32: Submesh name table exported.
17:36:32: Mesh data exported.
17:36:32: MeshSerializer export successful.
